Using pre-set license
Built from '2020.3/staging' branch; Version is '2020.3.22f1 (e1a7f79fd887) revision 14788599'; Using compiler version '192528614'; Build Type 'Release'
OS: 'Windows 10 Pro; OS build 19044.2486; Version 2009; 64bit' Language: 'ru' Physical Memory: 16251 MB
BatchMode: 1, IsHumanControllingUs: 0, StartBugReporterOnCrash: 0, Is64bit: 1, IsPro: 0

COMMAND LINE ARGUMENTS:
C:\Program Files\Unity\Hub\Editor\2020.3.22f1\Editor\Unity.exe
-adb2
-batchMode
-noUpm
-name
AssetImportWorker0
-projectPath
C:/Users/VR_Lab/Desktop/2 В Проэкт в MagicaVox/3DBlockGemePuzzle2V
-logFile
Logs/AssetImportWorker0.log
-srvPort
54452
Successfully changed project path to: C:/Users/VR_Lab/Desktop/2 В Проэкт в MagicaVox/3DBlockGemePuzzle2V
C:/Users/VR_Lab/Desktop/2 В Проэкт в MagicaVox/3DBlockGemePuzzle2V
Using Asset Import Pipeline V2.
Refreshing native plugins compatible for Editor in 41.68 ms, found 2 plugins.
Preloading 0 native plugins for Editor in 0.00 ms.
Initialize engine version: 2020.3.22f1 (e1a7f79fd887)
[Subsystems] Discovering subsystems at path C:/Program Files/Unity/Hub/Editor/2020.3.22f1/Editor/Data/Resources/UnitySubsystems
[Subsystems] Discovering subsystems at path C:/Users/VR_Lab/Desktop/2 В Проэкт в MagicaVox/3DBlockGemePuzzle2V/Assets
GfxDevice: creating device client; threaded=0
Direct3D:
    Version:  Direct3D 11.0 [level 11.1]
    Renderer: NVIDIA GeForce GTX 1660 (ID=0x2184)
    Vendor:   
    VRAM:     5992 MB
    Driver:   31.0.15.1694
Initialize mono
Mono path[0] = 'C:/Program Files/Unity/Hub/Editor/2020.3.22f1/Editor/Data/Managed'
Mono path[1] = 'C:/Program Files/Unity/Hub/Editor/2020.3.22f1/Editor/Data/MonoBleedingEdge/lib/mono/unityjit'
Mono config path = 'C:/Program Files/Unity/Hub/Editor/2020.3.22f1/Editor/Data/MonoBleedingEdge/etc'
Using monoOptions --debugger-agent=transport=dt_socket,embedding=1,server=y,suspend=n,address=127.0.0.1:56312
Begin MonoManager ReloadAssembly
Registering precompiled unity dll's ...
Register platform support module: C:/Program Files/Unity/Hub/Editor/2020.3.22f1/Editor/Data/PlaybackEngines/WebGLSupport/UnityEditor.WebGL.Extensions.dll
Register platform support module: C:/Program Files/Unity/Hub/Editor/2020.3.22f1/Editor/Data/PlaybackEngines/WindowsStandaloneSupport/UnityEditor.WindowsStandalone.Extensions.dll
Registered in 0.001474 seconds.
Native extension for WindowsStandalone target not found
Native extension for WebGL target not found
Refreshing native plugins compatible for Editor in 41.40 ms, found 2 plugins.
Preloading 0 native plugins for Editor in 0.00 ms.
Mono: successfully reloaded assembly
- Completed reload, in  1.458 seconds
Domain Reload Profiling:
	ReloadAssembly (1458ms)
		BeginReloadAssembly (45ms)
			ExecutionOrderSort (0ms)
			DisableScriptedObjects (0ms)
			BackupInstance (0ms)
			ReleaseScriptingObjects (0ms)
			CreateAndSetChildDomain (1ms)
		EndReloadAssembly (354ms)
			LoadAssemblies (44ms)
			RebuildTransferFunctionScriptingTraits (0ms)
			SetupTypeCache (116ms)
			ReleaseScriptCaches (0ms)
			RebuildScriptCaches (25ms)
			SetupLoadedEditorAssemblies (144ms)
				LogAssemblyErrors (0ms)
				InitializePlatformSupportModulesInManaged (4ms)
				SetLoadedEditorAssemblies (0ms)
				RefreshPlugins (41ms)
				BeforeProcessingInitializeOnLoad (10ms)
				ProcessInitializeOnLoadAttributes (66ms)
				ProcessInitializeOnLoadMethodAttributes (22ms)
				AfterProcessingInitializeOnLoad (0ms)
				EditorAssembliesLoaded (0ms)
			ExecutionOrderSort2 (0ms)
			AwakeInstancesAfterBackupRestoration (0ms)
Platform modules already initialized, skipping
Registering precompiled user dll's ...
Registered in 0.003492 seconds.
Begin MonoManager ReloadAssembly
Native extension for WindowsStandalone target not found
Native extension for WebGL target not found
Refreshing native plugins compatible for Editor in 40.81 ms, found 2 plugins.
Preloading 0 native plugins for Editor in 0.00 ms.
Mono: successfully reloaded assembly
- Completed reload, in  0.936 seconds
Domain Reload Profiling:
	ReloadAssembly (936ms)
		BeginReloadAssembly (110ms)
			ExecutionOrderSort (0ms)
			DisableScriptedObjects (3ms)
			BackupInstance (0ms)
			ReleaseScriptingObjects (0ms)
			CreateAndSetChildDomain (15ms)
		EndReloadAssembly (778ms)
			LoadAssemblies (71ms)
			RebuildTransferFunctionScriptingTraits (0ms)
			SetupTypeCache (258ms)
			ReleaseScriptCaches (0ms)
			RebuildScriptCaches (39ms)
			SetupLoadedEditorAssemblies (313ms)
				LogAssemblyErrors (0ms)
				InitializePlatformSupportModulesInManaged (4ms)
				SetLoadedEditorAssemblies (0ms)
				RefreshPlugins (41ms)
				BeforeProcessingInitializeOnLoad (69ms)
				ProcessInitializeOnLoadAttributes (188ms)
				ProcessInitializeOnLoadMethodAttributes (7ms)
				AfterProcessingInitializeOnLoad (4ms)
				EditorAssembliesLoaded (0ms)
			ExecutionOrderSort2 (0ms)
			AwakeInstancesAfterBackupRestoration (5ms)
Platform modules already initialized, skipping
========================================================================
Worker process is ready to serve import requests
Launched and connected shader compiler UnityShaderCompiler.exe after 0.03 seconds
Refreshing native plugins compatible for Editor in 0.50 ms, found 2 plugins.
Preloading 0 native plugins for Editor in 0.00 ms.
Unloading 2835 Unused Serialized files (Serialized files now loaded: 0)
System memory in use before: 127.5 MB.
System memory in use after: 127.7 MB.

Unloading 20 unused Assets to reduce memory usage. Loaded Objects now: 3266.
Total: 3.150000 ms (FindLiveObjects: 0.271100 ms CreateObjectMapping: 0.143800 ms MarkObjects: 2.610900 ms  DeleteObjects: 0.123400 ms)

AssetImportParameters requested are different than current active one (requested -> active):
  custom:framework-win-MediaFoundation: 216162199b28c13a410421893ffa2e32 -> 
  custom:video-decoder-ogg-theora: a1e56fd34408186e4bbccfd4996cb3dc -> 
  custom:container-muxer-webm: aa71ff27fc2769a1b78a27578f13a17b -> 
  custom:container-demuxer-webm: 4f35f7cbe854078d1ac9338744f61a02 -> 
  custom:container-demuxer-ogg: 62fdf1f143b41e24485cea50d1cbac27 -> 
  custom:video-encoder-webm-vp8: eb34c28f22e8b96e1ab97ce403110664 -> 
  custom:video-decoder-webm-vp8: 9c59270c3fd7afecdb556c50c9e8de78 -> 
  custom:audio-decoder-ogg-vorbis: bf7c407c2cedff20999df2af8eb42d56 -> 
  custom:audio-encoder-webm-vorbis: bf7c407c2cedff20999df2af8eb42d56 -> 
========================================================================
Received Import Request.
  path: Assets/Scenes/level 11.unity
  artifactKey: Guid(a7412e676bca2e443bac1b292c0a0b58) Importer(815301076,1909f56bfc062723c751e8b465ee728b)
Start importing Assets/Scenes/level 11.unity using Guid(a7412e676bca2e443bac1b292c0a0b58) Importer(815301076,1909f56bfc062723c751e8b465ee728b)  -> (artifact id: '4f2dff5e474656220d520c6519c732d1') in 0.020779 seconds 
  Import took 0.027047 seconds .

========================================================================
Received Import Request.
  Time since last request: 0.820991 seconds.
  path: Assets/Scenes/level 10.unity
  artifactKey: Guid(4ca097386059a6046abd38b516d2efe5) Importer(815301076,1909f56bfc062723c751e8b465ee728b)
Start importing Assets/Scenes/level 10.unity using Guid(4ca097386059a6046abd38b516d2efe5) Importer(815301076,1909f56bfc062723c751e8b465ee728b)  -> (artifact id: '250aa1a99a20c3d8ab2d01287c4d444f') in 0.005064 seconds 
  Import took 0.011914 seconds .

========================================================================
Received Import Request.
  Time since last request: 4.039137 seconds.
  path: Assets/Scenes/level 9.unity
  artifactKey: Guid(fd395d5943c76c444932dce37ecff155) Importer(815301076,1909f56bfc062723c751e8b465ee728b)
Start importing Assets/Scenes/level 9.unity using Guid(fd395d5943c76c444932dce37ecff155) Importer(815301076,1909f56bfc062723c751e8b465ee728b)  -> (artifact id: 'f29c806ad2bc2c3e84623ec419cd86ef') in 0.043617 seconds 
  Import took 0.050623 seconds .

========================================================================
Received Import Request.
  Time since last request: 2.696020 seconds.
  path: Assets/Scenes/level 2.unity
  artifactKey: Guid(8db4de4c8daf50440b388ae35ff480e7) Importer(815301076,1909f56bfc062723c751e8b465ee728b)
Start importing Assets/Scenes/level 2.unity using Guid(8db4de4c8daf50440b388ae35ff480e7) Importer(815301076,1909f56bfc062723c751e8b465ee728b)  -> (artifact id: '5dc01731b0b2a3ee7a020e8928dc6b8e') in 0.043475 seconds 
  Import took 0.048436 seconds .

========================================================================
Received Import Request.
  Time since last request: 0.879860 seconds.
  path: Assets/Scenes/level 1.unity
  artifactKey: Guid(460290a75307f374bb29f96d3e656492) Importer(815301076,1909f56bfc062723c751e8b465ee728b)
Start importing Assets/Scenes/level 1.unity using Guid(460290a75307f374bb29f96d3e656492) Importer(815301076,1909f56bfc062723c751e8b465ee728b)  -> (artifact id: '8b7d641275883ad753a97a3b47ea49e7') in 0.005744 seconds 
  Import took 0.011764 seconds .

========================================================================
Received Import Request.
  Time since last request: 0.773586 seconds.
  path: Assets/Scenes/level 4.unity
  artifactKey: Guid(e322d69c9c5ec754e931015f2bd922ed) Importer(815301076,1909f56bfc062723c751e8b465ee728b)
Start importing Assets/Scenes/level 4.unity using Guid(e322d69c9c5ec754e931015f2bd922ed) Importer(815301076,1909f56bfc062723c751e8b465ee728b)  -> (artifact id: '3912d7e4f30a105ce8eee82894fafc6f') in 0.044304 seconds 
  Import took 0.049637 seconds .

========================================================================
Received Import Request.
  Time since last request: 0.574244 seconds.
  path: Assets/Scenes/level 3.unity
  artifactKey: Guid(04f844bde31050c4c8bdc708acec86ec) Importer(815301076,1909f56bfc062723c751e8b465ee728b)
Start importing Assets/Scenes/level 3.unity using Guid(04f844bde31050c4c8bdc708acec86ec) Importer(815301076,1909f56bfc062723c751e8b465ee728b)  -> (artifact id: '2524dc06b49adf136da3eb6eefc79030') in 0.005321 seconds 
  Import took 0.009643 seconds .

========================================================================
Received Import Request.
  Time since last request: 0.640505 seconds.
  path: Assets/Scenes/level 5.unity
  artifactKey: Guid(10da4497049c7cb4988d40d41ed0f36b) Importer(815301076,1909f56bfc062723c751e8b465ee728b)
Start importing Assets/Scenes/level 5.unity using Guid(10da4497049c7cb4988d40d41ed0f36b) Importer(815301076,1909f56bfc062723c751e8b465ee728b)  -> (artifact id: '49e55267b386bc889535cc224ccffefd') in 0.043311 seconds 
  Import took 0.049174 seconds .

========================================================================
Received Import Request.
  Time since last request: 1.482521 seconds.
  path: Assets/Scenes/level 6.unity
  artifactKey: Guid(56bc8885a8e04814fbbc2906aaf03472) Importer(815301076,1909f56bfc062723c751e8b465ee728b)
Start importing Assets/Scenes/level 6.unity using Guid(56bc8885a8e04814fbbc2906aaf03472) Importer(815301076,1909f56bfc062723c751e8b465ee728b)  -> (artifact id: 'fb2da1fc78252865551b7a37f93acd06') in 0.043084 seconds 
  Import took 0.048479 seconds .

========================================================================
Received Import Request.
  Time since last request: 0.697226 seconds.
  path: Assets/Scenes/level 7.unity
  artifactKey: Guid(2fffe5d31434a0f4388929ca382eacaf) Importer(815301076,1909f56bfc062723c751e8b465ee728b)
Start importing Assets/Scenes/level 7.unity using Guid(2fffe5d31434a0f4388929ca382eacaf) Importer(815301076,1909f56bfc062723c751e8b465ee728b)  -> (artifact id: 'edc38dbb53bf3317f88b1b656058851e') in 0.005478 seconds 
  Import took 0.011243 seconds .

========================================================================
Received Import Request.
  Time since last request: 0.727823 seconds.
  path: Assets/Scenes/level 8.unity
  artifactKey: Guid(ca8cfb2949a87f2489c359398759ce5f) Importer(815301076,1909f56bfc062723c751e8b465ee728b)
Start importing Assets/Scenes/level 8.unity using Guid(ca8cfb2949a87f2489c359398759ce5f) Importer(815301076,1909f56bfc062723c751e8b465ee728b)  -> (artifact id: '5085ee6a4826196edbff987ab9625d39') in 0.004870 seconds 
  Import took 0.010944 seconds .

========================================================================
Received Prepare
Registering precompiled user dll's ...
Registered in 0.003775 seconds.
Begin MonoManager ReloadAssembly
Native extension for WindowsStandalone target not found
Native extension for WebGL target not found
Refreshing native plugins compatible for Editor in 0.50 ms, found 2 plugins.
Preloading 0 native plugins for Editor in 0.00 ms.
Mono: successfully reloaded assembly
- Completed reload, in  0.863 seconds
Domain Reload Profiling:
	ReloadAssembly (864ms)
		BeginReloadAssembly (95ms)
			ExecutionOrderSort (0ms)
			DisableScriptedObjects (3ms)
			BackupInstance (0ms)
			ReleaseScriptingObjects (0ms)
			CreateAndSetChildDomain (27ms)
		EndReloadAssembly (722ms)
			LoadAssemblies (68ms)
			RebuildTransferFunctionScriptingTraits (0ms)
			SetupTypeCache (251ms)
			ReleaseScriptCaches (1ms)
			RebuildScriptCaches (33ms)
			SetupLoadedEditorAssemblies (262ms)
				LogAssemblyErrors (0ms)
				InitializePlatformSupportModulesInManaged (4ms)
				SetLoadedEditorAssemblies (0ms)
				RefreshPlugins (1ms)
				BeforeProcessingInitializeOnLoad (68ms)
				ProcessInitializeOnLoadAttributes (177ms)
				ProcessInitializeOnLoadMethodAttributes (7ms)
				AfterProcessingInitializeOnLoad (5ms)
				EditorAssembliesLoaded (0ms)
			ExecutionOrderSort2 (0ms)
			AwakeInstancesAfterBackupRestoration (8ms)
Platform modules already initialized, skipping
Refreshing native plugins compatible for Editor in 0.53 ms, found 2 plugins.
Preloading 0 native plugins for Editor in 0.00 ms.
Unloading 2726 Unused Serialized files (Serialized files now loaded: 0)
System memory in use before: 120.4 MB.
System memory in use after: 120.6 MB.

Unloading 15 unused Assets to reduce memory usage. Loaded Objects now: 3268.
Total: 2.899100 ms (FindLiveObjects: 0.254700 ms CreateObjectMapping: 0.119700 ms MarkObjects: 2.485400 ms  DeleteObjects: 0.038700 ms)

AssetImportParameters requested are different than current active one (requested -> active):
  custom:framework-win-MediaFoundation: 216162199b28c13a410421893ffa2e32 -> 
  custom:video-decoder-ogg-theora: a1e56fd34408186e4bbccfd4996cb3dc -> 
  custom:container-muxer-webm: aa71ff27fc2769a1b78a27578f13a17b -> 
  custom:container-demuxer-webm: 4f35f7cbe854078d1ac9338744f61a02 -> 
  custom:container-demuxer-ogg: 62fdf1f143b41e24485cea50d1cbac27 -> 
  custom:video-encoder-webm-vp8: eb34c28f22e8b96e1ab97ce403110664 -> 
  custom:video-decoder-webm-vp8: 9c59270c3fd7afecdb556c50c9e8de78 -> 
  custom:audio-decoder-ogg-vorbis: bf7c407c2cedff20999df2af8eb42d56 -> 
  custom:audio-encoder-webm-vorbis: bf7c407c2cedff20999df2af8eb42d56 -> 
AssetImportWorkerClient::OnTransportError - code=2 error=End of file
