Using pre-set license
Built from '2021.3/evg/staging/82bb020e-b03b1330/draft-0' branch; Version is '2021.3.16f1 (4016570cf34f) revision 4200023'; Using compiler version '192829333'; Build Type 'Release'
OS: 'Windows 10  (10.0.19044) 64bit Professional' Language: 'ru' Physical Memory: 16251 MB
BatchMode: 1, IsHumanControllingUs: 0, StartBugReporterOnCrash: 0, Is64bit: 1, IsPro: 1

COMMAND LINE ARGUMENTS:
C:\Program Files\Unity\Hub\Editor\2021.3.16f1\Editor\Unity.exe
-adb2
-batchMode
-noUpm
-name
AssetImportWorker0
-projectPath
E:/Baskethrow
-logFile
Logs/AssetImportWorker0.log
-srvPort
51775
Successfully changed project path to: E:/Baskethrow
E:/Baskethrow
[UnityMemory] Configuration Parameters - Can be set up in boot.config
    "memorysetup-bucket-allocator-granularity=16"
    "memorysetup-bucket-allocator-bucket-count=8"
    "memorysetup-bucket-allocator-block-size=33554432"
    "memorysetup-bucket-allocator-block-count=8"
    "memorysetup-main-allocator-block-size=16777216"
    "memorysetup-thread-allocator-block-size=16777216"
    "memorysetup-gfx-main-allocator-block-size=16777216"
    "memorysetup-gfx-thread-allocator-block-size=16777216"
    "memorysetup-cache-allocator-block-size=4194304"
    "memorysetup-typetree-allocator-block-size=2097152"
    "memorysetup-profiler-bucket-allocator-granularity=16"
    "memorysetup-profiler-bucket-allocator-bucket-count=8"
    "memorysetup-profiler-bucket-allocator-block-size=33554432"
    "memorysetup-profiler-bucket-allocator-block-count=8"
    "memorysetup-profiler-allocator-block-size=16777216"
    "memorysetup-profiler-editor-allocator-block-size=1048576"
    "memorysetup-temp-allocator-size-main=16777216"
    "memorysetup-job-temp-allocator-block-size=2097152"
    "memorysetup-job-temp-allocator-block-size-background=1048576"
    "memorysetup-job-temp-allocator-reduction-small-platforms=262144"
    "memorysetup-temp-allocator-size-background-worker=32768"
    "memorysetup-temp-allocator-size-job-worker=262144"
    "memorysetup-temp-allocator-size-preload-manager=33554432"
    "memorysetup-temp-allocator-size-nav-mesh-worker=65536"
    "memorysetup-temp-allocator-size-audio-worker=65536"
    "memorysetup-temp-allocator-size-cloud-worker=32768"
    "memorysetup-temp-allocator-size-gi-baking-worker=262144"
    "memorysetup-temp-allocator-size-gfx=262144"
Player connection [15280] Host "[IP] 10.0.118.16 [Port] 0 [Flags] 2 [Guid] 2231914339 [EditorId] 2231914339 [Version] 1048832 [Id] WindowsEditor(7,DESKTOP-1LM1UQD) [Debug] 1 [PackageName] WindowsEditor [ProjectName] Editor" joined multi-casting on [225.0.0.222:54997]...

Player connection [15280] Host "[IP] 10.0.118.16 [Port] 0 [Flags] 2 [Guid] 2231914339 [EditorId] 2231914339 [Version] 1048832 [Id] WindowsEditor(7,DESKTOP-1LM1UQD) [Debug] 1 [PackageName] WindowsEditor [ProjectName] Editor" joined alternative multi-casting on [225.0.0.222:34997]...

Refreshing native plugins compatible for Editor in 85.97 ms, found 6 plugins.
Preloading 0 native plugins for Editor in 0.00 ms.
Initialize engine version: 2021.3.16f1 (4016570cf34f)
[Subsystems] Discovering subsystems at path C:/Program Files/Unity/Hub/Editor/2021.3.16f1/Editor/Data/Resources/UnitySubsystems
[Subsystems] Discovering subsystems at path E:/Baskethrow/Assets
GfxDevice: creating device client; threaded=0; jobified=0
Direct3D:
    Version:  Direct3D 11.0 [level 11.1]
    Renderer: NVIDIA GeForce GTX 1660 (ID=0x2184)
    Vendor:   NVIDIA
    VRAM:     5992 MB
    Driver:   31.0.15.1694
Initialize mono
Mono path[0] = 'C:/Program Files/Unity/Hub/Editor/2021.3.16f1/Editor/Data/Managed'
Mono path[1] = 'C:/Program Files/Unity/Hub/Editor/2021.3.16f1/Editor/Data/MonoBleedingEdge/lib/mono/unityjit-win32'
Mono config path = 'C:/Program Files/Unity/Hub/Editor/2021.3.16f1/Editor/Data/MonoBleedingEdge/etc'
Using monoOptions --debugger-agent=transport=dt_socket,embedding=1,server=y,suspend=n,address=127.0.0.1:56420
Begin MonoManager ReloadAssembly
Registering precompiled unity dll's ...
Register platform support module: C:/Program Files/Unity/Hub/Editor/2021.3.16f1/Editor/Data/PlaybackEngines/WindowsStandaloneSupport/UnityEditor.WindowsStandalone.Extensions.dll
Registered in 0.006540 seconds.
Native extension for WindowsStandalone target not found
Refreshing native plugins compatible for Editor in 96.68 ms, found 6 plugins.
Preloading 0 native plugins for Editor in 0.00 ms.
Mono: successfully reloaded assembly
- Completed reload, in  0.730 seconds
Domain Reload Profiling:
	ReloadAssembly (731ms)
		BeginReloadAssembly (81ms)
			ExecutionOrderSort (0ms)
			DisableScriptedObjects (0ms)
			BackupInstance (0ms)
			ReleaseScriptingObjects (0ms)
			CreateAndSetChildDomain (1ms)
		EndReloadAssembly (537ms)
			LoadAssemblies (78ms)
			RebuildTransferFunctionScriptingTraits (0ms)
			SetupTypeCache (137ms)
			ReleaseScriptCaches (0ms)
			RebuildScriptCaches (37ms)
			SetupLoadedEditorAssemblies (303ms)
				LogAssemblyErrors (0ms)
				InitializePlatformSupportModulesInManaged (9ms)
				SetLoadedEditorAssemblies (0ms)
				RefreshPlugins (97ms)
				BeforeProcessingInitializeOnLoad (1ms)
				ProcessInitializeOnLoadAttributes (141ms)
				ProcessInitializeOnLoadMethodAttributes (54ms)
				AfterProcessingInitializeOnLoad (0ms)
				EditorAssembliesLoaded (0ms)
			ExecutionOrderSort2 (0ms)
			AwakeInstancesAfterBackupRestoration (0ms)
Platform modules already initialized, skipping
Registering precompiled user dll's ...
Registered in 0.006783 seconds.
Begin MonoManager ReloadAssembly
Symbol file LoadedFromMemory doesn't match image E:\Baskethrow\Library\PackageCache\com.unity.visualscripting@1.7.8\Editor\VisualScripting.Core\Dependencies\YamlDotNet\Unity.VisualScripting.YamlDotNet.dll
Symbol file LoadedFromMemory doesn't match image E:\Baskethrow\Library\PackageCache\com.unity.visualscripting@1.7.8\Editor\VisualScripting.Core\Dependencies\DotNetZip\Unity.VisualScripting.IonicZip.dll
Native extension for WindowsStandalone target not found
Refreshing native plugins compatible for Editor in 1.43 ms, found 6 plugins.
Preloading 0 native plugins for Editor in 0.00 ms.
Package Manager log level set to [2]
Mono: successfully reloaded assembly
- Completed reload, in  1.221 seconds
Domain Reload Profiling:
	ReloadAssembly (1221ms)
		BeginReloadAssembly (117ms)
			ExecutionOrderSort (0ms)
			DisableScriptedObjects (6ms)
			BackupInstance (0ms)
			ReleaseScriptingObjects (0ms)
			CreateAndSetChildDomain (21ms)
		EndReloadAssembly (993ms)
			LoadAssemblies (105ms)
			RebuildTransferFunctionScriptingTraits (0ms)
			SetupTypeCache (284ms)
			ReleaseScriptCaches (1ms)
			RebuildScriptCaches (64ms)
			SetupLoadedEditorAssemblies (510ms)
				LogAssemblyErrors (0ms)
				InitializePlatformSupportModulesInManaged (5ms)
				SetLoadedEditorAssemblies (0ms)
				RefreshPlugins (2ms)
				BeforeProcessingInitializeOnLoad (85ms)
				ProcessInitializeOnLoadAttributes (388ms)
				ProcessInitializeOnLoadMethodAttributes (22ms)
				AfterProcessingInitializeOnLoad (7ms)
				EditorAssembliesLoaded (0ms)
			ExecutionOrderSort2 (0ms)
			AwakeInstancesAfterBackupRestoration (5ms)
Platform modules already initialized, skipping
========================================================================
Worker process is ready to serve import requests
Launched and connected shader compiler UnityShaderCompiler.exe after 0.08 seconds
Refreshing native plugins compatible for Editor in 1.78 ms, found 6 plugins.
Preloading 0 native plugins for Editor in 0.00 ms.
Unloading 3736 Unused Serialized files (Serialized files now loaded: 0)
Unloading 30 unused Assets / (113.5 KB). Loaded Objects now: 4197.
Memory consumption went from 133.7 MB to 133.6 MB.
Total: 6.910000 ms (FindLiveObjects: 0.608900 ms CreateObjectMapping: 0.517500 ms MarkObjects: 5.476400 ms  DeleteObjects: 0.305100 ms)

AssetImportParameters requested are different than current active one (requested -> active):
  custom:video-decoder-ogg-theora: a1e56fd34408186e4bbccfd4996cb3dc -> 
  custom:container-muxer-webm: aa71ff27fc2769a1b78a27578f13a17b -> 
  custom:container-demuxer-webm: 4f35f7cbe854078d1ac9338744f61a02 -> 
  custom:video-encoder-webm-vp8: eb34c28f22e8b96e1ab97ce403110664 -> 
  custom:audio-encoder-webm-vorbis: bf7c407c2cedff20999df2af8eb42d56 -> 
  custom:framework-win-MediaFoundation: 216162199b28c13a410421893ffa2e32 -> 
  custom:container-demuxer-ogg: 62fdf1f143b41e24485cea50d1cbac27 -> 
  custom:video-decoder-webm-vp8: 9c59270c3fd7afecdb556c50c9e8de78 -> 
  custom:audio-decoder-ogg-vorbis: bf7c407c2cedff20999df2af8eb42d56 -> 
========================================================================
Received Import Request.
  Time since last request: 238358.227489 seconds.
  path: Assets/Materials/paper.mat
  artifactKey: Guid(99ba3cd1cdd105247a019dd22f9e9c56) Importer(815301076,1909f56bfc062723c751e8b465ee728b)
Start importing Assets/Materials/paper.mat using Guid(99ba3cd1cdd105247a019dd22f9e9c56) Importer(815301076,1909f56bfc062723c751e8b465ee728b)  -> (artifact id: '29abd248c45adb3df49403154771f6ee') in 0.603568 seconds 
========================================================================
Received Import Request.
  Time since last request: 21.263922 seconds.
  path: Assets/Materials/New Material.mat
  artifactKey: Guid(9d72d7aee5fb2054c8d2e3a0ba452917) Importer(815301076,1909f56bfc062723c751e8b465ee728b)
Start importing Assets/Materials/New Material.mat using Guid(9d72d7aee5fb2054c8d2e3a0ba452917) Importer(815301076,1909f56bfc062723c751e8b465ee728b)  -> (artifact id: '2906d740caf70455bab9daaaf0132156') in 0.026401 seconds 
========================================================================
Received Import Request.
  Time since last request: 25.965116 seconds.
  path: Assets/Materials/New Material.mat
  artifactKey: Guid(9d72d7aee5fb2054c8d2e3a0ba452917) Importer(815301076,1909f56bfc062723c751e8b465ee728b)
Start importing Assets/Materials/New Material.mat using Guid(9d72d7aee5fb2054c8d2e3a0ba452917) Importer(815301076,1909f56bfc062723c751e8b465ee728b)  -> (artifact id: '4ff6fee7fa88f73c024d1a24506ee9de') in 0.022259 seconds 
========================================================================
Received Import Request.
  Time since last request: 9.412161 seconds.
  path: Assets/Materials/Poof.mat
  artifactKey: Guid(9d72d7aee5fb2054c8d2e3a0ba452917) Importer(815301076,1909f56bfc062723c751e8b465ee728b)
Start importing Assets/Materials/Poof.mat using Guid(9d72d7aee5fb2054c8d2e3a0ba452917) Importer(815301076,1909f56bfc062723c751e8b465ee728b)  -> (artifact id: '53202aa852c77d4d7c6cde6755c73b18') in 0.024004 seconds 
========================================================================
Received Import Request.
  Time since last request: 134.956556 seconds.
  path: Assets/Materials/black.mat
  artifactKey: Guid(c2317e33bb5e0db4ab6b2a1b919ce609) Importer(815301076,1909f56bfc062723c751e8b465ee728b)
Start importing Assets/Materials/black.mat using Guid(c2317e33bb5e0db4ab6b2a1b919ce609) Importer(815301076,1909f56bfc062723c751e8b465ee728b)  -> (artifact id: '02b4cc9a9768f5079cd7382e76d5674c') in 0.028907 seconds 
========================================================================
Received Import Request.
  Time since last request: 25.898176 seconds.
  path: Assets/Materials/corpus.mat
  artifactKey: Guid(09977123a0c904a44942b70aa00b0770) Importer(815301076,1909f56bfc062723c751e8b465ee728b)
Start importing Assets/Materials/corpus.mat using Guid(09977123a0c904a44942b70aa00b0770) Importer(815301076,1909f56bfc062723c751e8b465ee728b)  -> (artifact id: '05c396567a85a2114351ea5b67ed7b16') in 0.025573 seconds 
========================================================================
Received Import Request.
  Time since last request: 121.856606 seconds.
  path: Assets/Materials/Up.mat
  artifactKey: Guid(f83b0bc56703db645a81177d214f1dbf) Importer(815301076,1909f56bfc062723c751e8b465ee728b)
Start importing Assets/Materials/Up.mat using Guid(f83b0bc56703db645a81177d214f1dbf) Importer(815301076,1909f56bfc062723c751e8b465ee728b)  -> (artifact id: '615757060ba81dcf768342be02a1fb3a') in 0.027621 seconds 
========================================================================
Received Import Request.
  Time since last request: 19.635374 seconds.
  path: Assets/Materials/black.mat
  artifactKey: Guid(c2317e33bb5e0db4ab6b2a1b919ce609) Importer(815301076,1909f56bfc062723c751e8b465ee728b)
Start importing Assets/Materials/black.mat using Guid(c2317e33bb5e0db4ab6b2a1b919ce609) Importer(815301076,1909f56bfc062723c751e8b465ee728b)  -> (artifact id: 'b06480617818bbe6d047be2011fb3b7d') in 0.025396 seconds 
========================================================================
Received Import Request.
  Time since last request: 0.000041 seconds.
  path: Assets/Materials/Up.mat
  artifactKey: Guid(f83b0bc56703db645a81177d214f1dbf) Importer(815301076,1909f56bfc062723c751e8b465ee728b)
Start importing Assets/Materials/Up.mat using Guid(f83b0bc56703db645a81177d214f1dbf) Importer(815301076,1909f56bfc062723c751e8b465ee728b)  -> (artifact id: '9a677d9811b4462f233bd875b87853c1') in 0.027423 seconds 
========================================================================
Received Import Request.
  Time since last request: 38.769183 seconds.
  path: Assets/Materials/ec3db20921f51c3e815d4106ef494790fe76e7d410b112449cf8c4_1920.jpg
  artifactKey: Guid(98da7c49077fc2d49907c6cd8a97fe2b) Importer(815301076,1909f56bfc062723c751e8b465ee728b)
Start importing Assets/Materials/ec3db20921f51c3e815d4106ef494790fe76e7d410b112449cf8c4_1920.jpg using Guid(98da7c49077fc2d49907c6cd8a97fe2b) Importer(815301076,1909f56bfc062723c751e8b465ee728b)  -> (artifact id: '3c978b830f5d1d8a975670363f55f066') in 0.065342 seconds 
========================================================================
Received Import Request.
  Time since last request: 13.383560 seconds.
  path: Assets/Materials/floor.jpg
  artifactKey: Guid(98da7c49077fc2d49907c6cd8a97fe2b) Importer(815301076,1909f56bfc062723c751e8b465ee728b)
Start importing Assets/Materials/floor.jpg using Guid(98da7c49077fc2d49907c6cd8a97fe2b) Importer(815301076,1909f56bfc062723c751e8b465ee728b)  -> (artifact id: 'a02314865517e2c9bf6bb23a9ceae97f') in 0.064842 seconds 
========================================================================
Received Import Request.
  Time since last request: 7.454372 seconds.
  path: Assets/Materials/floor.mat
  artifactKey: Guid(c738ebdc9680f2847803bd54184be5a7) Importer(815301076,1909f56bfc062723c751e8b465ee728b)
Start importing Assets/Materials/floor.mat using Guid(c738ebdc9680f2847803bd54184be5a7) Importer(815301076,1909f56bfc062723c751e8b465ee728b)  -> (artifact id: '7a8fcad1d2a7f5fd6e5aca5daf5d3ad0') in 0.025781 seconds 
========================================================================
Received Import Request.
  Time since last request: 23.515366 seconds.
  path: Assets/Materials/floor.mat
  artifactKey: Guid(c738ebdc9680f2847803bd54184be5a7) Importer(815301076,1909f56bfc062723c751e8b465ee728b)
Start importing Assets/Materials/floor.mat using Guid(c738ebdc9680f2847803bd54184be5a7) Importer(815301076,1909f56bfc062723c751e8b465ee728b)  -> (artifact id: '21b544d7a5718012f2dbec054f81abbd') in 0.025339 seconds 
========================================================================
Received Import Request.
  Time since last request: 122.747000 seconds.
  path: Assets/Materials/1663107050_8-phonoteka-org-p-fasadnie-paneli-tekstura-besshovnaya-insta-8.jpg
  artifactKey: Guid(b1b2d22ae20122048968a412f15a2bab) Importer(815301076,1909f56bfc062723c751e8b465ee728b)
Start importing Assets/Materials/1663107050_8-phonoteka-org-p-fasadnie-paneli-tekstura-besshovnaya-insta-8.jpg using Guid(b1b2d22ae20122048968a412f15a2bab) Importer(815301076,1909f56bfc062723c751e8b465ee728b)  -> (artifact id: '541add9ba2ab464f677171ef8b19eb14') in 0.028165 seconds 
========================================================================
Received Import Request.
  Time since last request: 10.285004 seconds.
  path: Assets/Materials/fall.jpg
  artifactKey: Guid(b1b2d22ae20122048968a412f15a2bab) Importer(815301076,1909f56bfc062723c751e8b465ee728b)
Start importing Assets/Materials/fall.jpg using Guid(b1b2d22ae20122048968a412f15a2bab) Importer(815301076,1909f56bfc062723c751e8b465ee728b)  -> (artifact id: '9d7cd48ec8c745888e8348162074987e') in 0.027466 seconds 
========================================================================
Received Import Request.
  Time since last request: 12.250292 seconds.
  path: Assets/Materials/fall.mat
  artifactKey: Guid(2c948e1e27e8c8b4e9ed54c82c37f647) Importer(815301076,1909f56bfc062723c751e8b465ee728b)
Start importing Assets/Materials/fall.mat using Guid(2c948e1e27e8c8b4e9ed54c82c37f647) Importer(815301076,1909f56bfc062723c751e8b465ee728b)  -> (artifact id: '8a15eb428b7311ab3ca2068d0e5bded6') in 0.028050 seconds 
========================================================================
Received Import Request.
  Time since last request: 47.252063 seconds.
  path: Assets/Materials/fa.mat
  artifactKey: Guid(d7aa19678cafd3f4a894e21134c137ee) Importer(815301076,1909f56bfc062723c751e8b465ee728b)
Start importing Assets/Materials/fa.mat using Guid(d7aa19678cafd3f4a894e21134c137ee) Importer(815301076,1909f56bfc062723c751e8b465ee728b)  -> (artifact id: '2223ced832782998a6dcde02f2f09643') in 0.026664 seconds 
========================================================================
Received Import Request.
  Time since last request: 29.767881 seconds.
  path: Assets/Materials/fall.mat
  artifactKey: Guid(2c948e1e27e8c8b4e9ed54c82c37f647) Importer(815301076,1909f56bfc062723c751e8b465ee728b)
Start importing Assets/Materials/fall.mat using Guid(2c948e1e27e8c8b4e9ed54c82c37f647) Importer(815301076,1909f56bfc062723c751e8b465ee728b)  -> (artifact id: 'bc08c052b61cfed7893eedd5730de507') in 0.028629 seconds 
========================================================================
Received Import Request.
  Time since last request: 7.827667 seconds.
  path: Assets/Materials/fal.mat
  artifactKey: Guid(36d7e259fcb43844b826c6012511506c) Importer(815301076,1909f56bfc062723c751e8b465ee728b)
Start importing Assets/Materials/fal.mat using Guid(36d7e259fcb43844b826c6012511506c) Importer(815301076,1909f56bfc062723c751e8b465ee728b)  -> (artifact id: 'bb50124c6c544afb4131aa5d893097bf') in 0.026918 seconds 
========================================================================
Received Import Request.
  Time since last request: 45.706644 seconds.
  path: Assets/Materials/fal.mat
  artifactKey: Guid(36d7e259fcb43844b826c6012511506c) Importer(815301076,1909f56bfc062723c751e8b465ee728b)
Start importing Assets/Materials/fal.mat using Guid(36d7e259fcb43844b826c6012511506c) Importer(815301076,1909f56bfc062723c751e8b465ee728b)  -> (artifact id: '1c08961160e83a4a667920faead0056a') in 0.026303 seconds 
========================================================================
Received Import Request.
  Time since last request: 26.263162 seconds.
  path: Assets/Materials/fa.mat
  artifactKey: Guid(d7aa19678cafd3f4a894e21134c137ee) Importer(815301076,1909f56bfc062723c751e8b465ee728b)
Start importing Assets/Materials/fa.mat using Guid(d7aa19678cafd3f4a894e21134c137ee) Importer(815301076,1909f56bfc062723c751e8b465ee728b)  -> (artifact id: '410202eee3e43b2a46172ccccae96c8a') in 0.030191 seconds 
========================================================================
Received Import Request.
  Time since last request: 114.078895 seconds.
  path: Assets/Materials/1614382316_30-p-fon-drevesina-svetlaya-36.jpg
  artifactKey: Guid(6ef618630e0c586429bac72dece9dc0c) Importer(815301076,1909f56bfc062723c751e8b465ee728b)
Start importing Assets/Materials/1614382316_30-p-fon-drevesina-svetlaya-36.jpg using Guid(6ef618630e0c586429bac72dece9dc0c) Importer(815301076,1909f56bfc062723c751e8b465ee728b)  -> (artifact id: '5475743ffc3457ab7950d41e1ce9069a') in 0.036384 seconds 
========================================================================
Received Import Request.
  Time since last request: 9.603278 seconds.
  path: Assets/Materials/door.jpg
  artifactKey: Guid(6ef618630e0c586429bac72dece9dc0c) Importer(815301076,1909f56bfc062723c751e8b465ee728b)
Start importing Assets/Materials/door.jpg using Guid(6ef618630e0c586429bac72dece9dc0c) Importer(815301076,1909f56bfc062723c751e8b465ee728b)  -> (artifact id: 'd112c905b834fadc0816891294802c83') in 0.028950 seconds 
========================================================================
Received Import Request.
  Time since last request: 6.482558 seconds.
  path: Assets/Materials/door.mat
  artifactKey: Guid(77274279c026a5e4aa87782c81ebab5e) Importer(815301076,1909f56bfc062723c751e8b465ee728b)
Start importing Assets/Materials/door.mat using Guid(77274279c026a5e4aa87782c81ebab5e) Importer(815301076,1909f56bfc062723c751e8b465ee728b)  -> (artifact id: 'fdb370c1f72087048da8a3f3a33a7b72') in 0.027093 seconds 
========================================================================
Received Import Request.
  Time since last request: 39.991657 seconds.
  path: Assets/Materials/door.mat
  artifactKey: Guid(77274279c026a5e4aa87782c81ebab5e) Importer(815301076,1909f56bfc062723c751e8b465ee728b)
Start importing Assets/Materials/door.mat using Guid(77274279c026a5e4aa87782c81ebab5e) Importer(815301076,1909f56bfc062723c751e8b465ee728b)  -> (artifact id: '3418e1d1d6f67791221a4a2c54dc273a') in 0.059097 seconds 
========================================================================
Received Prepare
Registering precompiled user dll's ...
Registered in 0.005239 seconds.
Begin MonoManager ReloadAssembly
Symbol file LoadedFromMemory doesn't match image E:\Baskethrow\Library\PackageCache\com.unity.visualscripting@1.7.8\Editor\VisualScripting.Core\Dependencies\YamlDotNet\Unity.VisualScripting.YamlDotNet.dll
Symbol file LoadedFromMemory doesn't match image E:\Baskethrow\Library\PackageCache\com.unity.visualscripting@1.7.8\Editor\VisualScripting.Core\Dependencies\DotNetZip\Unity.VisualScripting.IonicZip.dll
Native extension for WindowsStandalone target not found
Refreshing native plugins compatible for Editor in 0.78 ms, found 6 plugins.
Preloading 0 native plugins for Editor in 0.00 ms.
Mono: successfully reloaded assembly
- Completed reload, in  1.503 seconds
Domain Reload Profiling:
	ReloadAssembly (1504ms)
		BeginReloadAssembly (220ms)
			ExecutionOrderSort (0ms)
			DisableScriptedObjects (5ms)
			BackupInstance (0ms)
			ReleaseScriptingObjects (0ms)
			CreateAndSetChildDomain (61ms)
		EndReloadAssembly (1162ms)
			LoadAssemblies (155ms)
			RebuildTransferFunctionScriptingTraits (0ms)
			SetupTypeCache (388ms)
			ReleaseScriptCaches (3ms)
			RebuildScriptCaches (58ms)
			SetupLoadedEditorAssemblies (567ms)
				LogAssemblyErrors (0ms)
				InitializePlatformSupportModulesInManaged (12ms)
				SetLoadedEditorAssemblies (0ms)
				RefreshPlugins (1ms)
				BeforeProcessingInitializeOnLoad (73ms)
				ProcessInitializeOnLoadAttributes (440ms)
				ProcessInitializeOnLoadMethodAttributes (34ms)
				AfterProcessingInitializeOnLoad (8ms)
				EditorAssembliesLoaded (0ms)
			ExecutionOrderSort2 (0ms)
			AwakeInstancesAfterBackupRestoration (7ms)
Platform modules already initialized, skipping
Refreshing native plugins compatible for Editor in 2.15 ms, found 6 plugins.
Preloading 0 native plugins for Editor in 0.00 ms.
Unloading 3698 Unused Serialized files (Serialized files now loaded: 0)
Unloading 22 unused Assets / (80.0 KB). Loaded Objects now: 4244.
Memory consumption went from 135.7 MB to 135.6 MB.
Total: 5.740600 ms (FindLiveObjects: 0.441900 ms CreateObjectMapping: 0.278500 ms MarkObjects: 4.923300 ms  DeleteObjects: 0.095500 ms)

AssetImportParameters requested are different than current active one (requested -> active):
  custom:video-decoder-ogg-theora: a1e56fd34408186e4bbccfd4996cb3dc -> 
  custom:container-muxer-webm: aa71ff27fc2769a1b78a27578f13a17b -> 
  custom:container-demuxer-webm: 4f35f7cbe854078d1ac9338744f61a02 -> 
  custom:video-encoder-webm-vp8: eb34c28f22e8b96e1ab97ce403110664 -> 
  custom:audio-encoder-webm-vorbis: bf7c407c2cedff20999df2af8eb42d56 -> 
  custom:framework-win-MediaFoundation: 216162199b28c13a410421893ffa2e32 -> 
  custom:container-demuxer-ogg: 62fdf1f143b41e24485cea50d1cbac27 -> 
  custom:video-decoder-webm-vp8: 9c59270c3fd7afecdb556c50c9e8de78 -> 
  custom:audio-decoder-ogg-vorbis: bf7c407c2cedff20999df2af8eb42d56 -> 
========================================================================
Received Import Request.
  Time since last request: 80.117744 seconds.
  path: Assets/TextMesh Pro/Resources/Fonts & Materials/LiberationSans SDF - Drop Shadow.mat
  artifactKey: Guid(e73a58f6e2794ae7b1b7e50b7fb811b0) Importer(815301076,1909f56bfc062723c751e8b465ee728b)
Start importing Assets/TextMesh Pro/Resources/Fonts & Materials/LiberationSans SDF - Drop Shadow.mat using Guid(e73a58f6e2794ae7b1b7e50b7fb811b0) Importer(815301076,1909f56bfc062723c751e8b465ee728b)  -> (artifact id: 'b7758226ce86da021df2cf908775b94f') in 0.200370 seconds 
========================================================================
Received Import Request.
  Time since last request: 0.000031 seconds.
  path: Assets/TextMesh Pro/Resources/Fonts & Materials/LiberationSans SDF.asset
  artifactKey: Guid(8f586378b4e144a9851e7b34d9b748ee) Importer(815301076,1909f56bfc062723c751e8b465ee728b)
Start importing Assets/TextMesh Pro/Resources/Fonts & Materials/LiberationSans SDF.asset using Guid(8f586378b4e144a9851e7b34d9b748ee) Importer(815301076,1909f56bfc062723c751e8b465ee728b)  -> (artifact id: 'e41fe49e955734abfd81b938da065c0e') in 0.114406 seconds 
========================================================================
Received Prepare
Registering precompiled user dll's ...
Registered in 0.005555 seconds.
Begin MonoManager ReloadAssembly
Symbol file LoadedFromMemory doesn't match image E:\Baskethrow\Library\PackageCache\com.unity.visualscripting@1.7.8\Editor\VisualScripting.Core\Dependencies\YamlDotNet\Unity.VisualScripting.YamlDotNet.dll
Symbol file LoadedFromMemory doesn't match image E:\Baskethrow\Library\PackageCache\com.unity.visualscripting@1.7.8\Editor\VisualScripting.Core\Dependencies\DotNetZip\Unity.VisualScripting.IonicZip.dll
Native extension for WindowsStandalone target not found
Refreshing native plugins compatible for Editor in 1.22 ms, found 6 plugins.
Preloading 0 native plugins for Editor in 0.00 ms.
Mono: successfully reloaded assembly
- Completed reload, in  1.435 seconds
Domain Reload Profiling:
	ReloadAssembly (1436ms)
		BeginReloadAssembly (195ms)
			ExecutionOrderSort (0ms)
			DisableScriptedObjects (6ms)
			BackupInstance (0ms)
			ReleaseScriptingObjects (0ms)
			CreateAndSetChildDomain (64ms)
		EndReloadAssembly (1142ms)
			LoadAssemblies (132ms)
			RebuildTransferFunctionScriptingTraits (0ms)
			SetupTypeCache (351ms)
			ReleaseScriptCaches (1ms)
			RebuildScriptCaches (63ms)
			SetupLoadedEditorAssemblies (578ms)
				LogAssemblyErrors (0ms)
				InitializePlatformSupportModulesInManaged (14ms)
				SetLoadedEditorAssemblies (0ms)
				RefreshPlugins (1ms)
				BeforeProcessingInitializeOnLoad (71ms)
				ProcessInitializeOnLoadAttributes (454ms)
				ProcessInitializeOnLoadMethodAttributes (29ms)
				AfterProcessingInitializeOnLoad (8ms)
				EditorAssembliesLoaded (0ms)
			ExecutionOrderSort2 (0ms)
			AwakeInstancesAfterBackupRestoration (6ms)
Platform modules already initialized, skipping
Refreshing native plugins compatible for Editor in 1.98 ms, found 6 plugins.
Preloading 0 native plugins for Editor in 0.00 ms.
Unloading 3698 Unused Serialized files (Serialized files now loaded: 0)
Unloading 22 unused Assets / (80.0 KB). Loaded Objects now: 4251.
Memory consumption went from 135.7 MB to 135.7 MB.
Total: 3.036400 ms (FindLiveObjects: 0.292900 ms CreateObjectMapping: 0.182500 ms MarkObjects: 2.479000 ms  DeleteObjects: 0.081300 ms)

AssetImportParameters requested are different than current active one (requested -> active):
  custom:video-decoder-ogg-theora: a1e56fd34408186e4bbccfd4996cb3dc -> 
  custom:container-muxer-webm: aa71ff27fc2769a1b78a27578f13a17b -> 
  custom:container-demuxer-webm: 4f35f7cbe854078d1ac9338744f61a02 -> 
  custom:video-encoder-webm-vp8: eb34c28f22e8b96e1ab97ce403110664 -> 
  custom:audio-encoder-webm-vorbis: bf7c407c2cedff20999df2af8eb42d56 -> 
  custom:framework-win-MediaFoundation: 216162199b28c13a410421893ffa2e32 -> 
  custom:container-demuxer-ogg: 62fdf1f143b41e24485cea50d1cbac27 -> 
  custom:video-decoder-webm-vp8: 9c59270c3fd7afecdb556c50c9e8de78 -> 
  custom:audio-decoder-ogg-vorbis: bf7c407c2cedff20999df2af8eb42d56 -> 
